<?xml version="1.0" encoding="UTF-8"?>
<coverage generated="1683927226052" clover="3.2.0">
  <project timestamp="1683927226052" name="All files">
    <metrics statements="5" coveredstatements="3" conditionals="4" coveredconditionals="4" methods="2" coveredmethods="1" elements="11" coveredelements="8" complexity="0" loc="5" ncloc="5" packages="1" files="1" classes="1"/>
    <file name="funtions.js" path="C:\Users\maire\Jest\src\funtions.js">
      <metrics statements="5" coveredstatements="3" conditionals="4" coveredconditionals="4" methods="2" coveredmethods="1"/>
      <line num="2" count="0" type="stmt"/>
      <line num="3" count="0" type="stmt"/>
      <line num="7" count="3" type="cond" truecount="4" falsecount="0"/>
      <line num="8" count="1" type="stmt"/>
      <line num="11" count="1" type="stmt"/>
    </file>
  </project>
</coverage>
