{"C:\\Users\\maire\\Jest\\src\\funtions.js": {"path":"C:\\Users\\maire\\Jest\\src\\funtions.js","statementMap":{"0":{"start":{"line":2,"column":2},"end":{"line":2,"column":18}},"1":{"start":{"line":3,"column":2},"end":{"line":3,"column":19}},"2":{"start":{"line":7,"column":2},"end":{"line":7,"column":66}},"3":{"start":{"line":7,"column":53},"end":{"line":7,"column":66}},"4":{"start":{"line":8,"column":2},"end":{"line":8,"column":16}},"5":{"start":{"line":11,"column":0},"end":{"line":11,"column":35}}},"fnMap":{"0":{"name":"getLength","decl":{"start":{"line":1,"column":9},"end":{"line":1,"column":18}},"loc":{"start":{"line":1,"column":23},"end":{"line":4,"column":1}},"line":1},"1":{"name":"adds","decl":{"start":{"line":6,"column":9},"end":{"line":6,"column":13}},"loc":{"start":{"line":6,"column":20},"end":{"line":9,"column":1}},"line":6}},"branchMap":{"0":{"loc":{"start":{"line":7,"column":2},"end":{"line":7,"column":66}},"type":"if","locations":[{"start":{"line":7,"column":2},"end":{"line":7,"column":66}},{"start":{},"end":{}}],"line":7},"1":{"loc":{"start":{"line":7,"column":5},"end":{"line":7,"column":51}},"type":"binary-expr","locations":[{"start":{"line":7,"column":5},"end":{"line":7,"column":26}},{"start":{"line":7,"column":30},"end":{"line":7,"column":51}}],"line":7}},"s":{"0":0,"1":0,"2":3,"3":2,"4":1,"5":1},"f":{"0":0,"1":3},"b":{"0":[2,1],"1":[3,2]},"_coverageSchema":"1a1c01bbd47fc00a2c39e90264f33305004495a9","hash":"f2eeb49f7f60b3bb85ca23c031ad5d9e4a19b2c0"}
}
